[debug] [2026-04-19T06:42:58.678Z] ----------------------------------------------------------------------
[debug] [2026-04-19T06:42:58.680Z] Command:       C:\Program Files\nodejs\node.exe C:\Users\hp\AppData\Roaming\npm\node_modules\firebase-tools\lib\bin\firebase.js deploy --only functions
[debug] [2026-04-19T06:42:58.680Z] CLI Version:   15.15.0
[debug] [2026-04-19T06:42:58.680Z] Platform:      win32
[debug] [2026-04-19T06:42:58.680Z] Node Version:  v25.2.1
[debug] [2026-04-19T06:42:58.681Z] Time:          Sun Apr 19 2026 12:12:58 GMT+0530 (India Standard Time)
[debug] [2026-04-19T06:42:58.681Z] ----------------------------------------------------------------------
[debug] 
[debug] [2026-04-19T06:43:00.458Z] > command requires scopes: ["email","openid","https://www.googleapis.com/auth/cloudplatformprojects.readonly","https://www.googleapis.com/auth/firebase","https://www.googleapis.com/auth/cloud-platform"]
[debug] [2026-04-19T06:43:00.459Z] > authorizing via signed-in user (achuthchowdary96@gmail.com)
[debug] [2026-04-19T06:43:00.459Z] [iam] checking project agrisnap-9b487 for permissions ["cloudfunctions.functions.create","cloudfunctions.functions.delete","cloudfunctions.functions.get","cloudfunctions.functions.list","cloudfunctions.functions.update","cloudfunctions.operations.get","firebase.projects.get"]
[debug] [2026-04-19T06:43:00.459Z] Checked if tokens are valid: false, expires at: 1776579540565
[debug] [2026-04-19T06:43:00.459Z] Checked if tokens are valid: false, expires at: 1776579540565
[debug] [2026-04-19T06:43:00.460Z] > refreshing access token with scopes: []
[debug] [2026-04-19T06:43:00.461Z] >>> [apiv2][query] POST https://www.googleapis.com/oauth2/v3/token [none]
[debug] [2026-04-19T06:43:00.462Z] >>> [apiv2][body] POST https://www.googleapis.com/oauth2/v3/token [omitted]
[debug] [2026-04-19T06:43:00.700Z] <<< [apiv2][status] POST https://www.googleapis.com/oauth2/v3/token 200
[debug] [2026-04-19T06:43:00.700Z] <<< [apiv2][body] POST https://www.googleapis.com/oauth2/v3/token [omitted]
[debug] [2026-04-19T06:43:00.706Z] >>> [apiv2][query] POST https://cloudresourcemanager.googleapis.com/v1/projects/agrisnap-9b487:testIamPermissions [none]
[debug] [2026-04-19T06:43:00.706Z] >>> [apiv2][(partial)header] POST https://cloudresourcemanager.googleapis.com/v1/projects/agrisnap-9b487:testIamPermissions  x-goog-user-project=agrisnap-9b487
[debug] [2026-04-19T06:43:00.706Z] >>> [apiv2][body] POST https://cloudresourcemanager.googleapis.com/v1/projects/agrisnap-9b487:testIamPermissions {"permissions":["cloudfunctions.functions.create","cloudfunctions.functions.delete","cloudfunctions.functions.get","cloudfunctions.functions.list","cloudfunctions.functions.update","cloudfunctions.operations.get","firebase.projects.get"]}
[debug] [2026-04-19T06:43:02.189Z] <<< [apiv2][status] POST https://cloudresourcemanager.googleapis.com/v1/projects/agrisnap-9b487:testIamPermissions 200
[debug] [2026-04-19T06:43:02.189Z] <<< [apiv2][body] POST https://cloudresourcemanager.googleapis.com/v1/projects/agrisnap-9b487:testIamPermissions {"permissions":["cloudfunctions.functions.create","cloudfunctions.functions.delete","cloudfunctions.functions.get","cloudfunctions.functions.list","cloudfunctions.functions.update","cloudfunctions.operations.get","firebase.projects.get"]}
[debug] [2026-04-19T06:43:02.190Z] Checked if tokens are valid: true, expires at: 1776584579700
[debug] [2026-04-19T06:43:02.190Z] Checked if tokens are valid: true, expires at: 1776584579700
[debug] [2026-04-19T06:43:02.190Z] >>> [apiv2][query] POST https://iam.googleapis.com/v1/projects/agrisnap-9b487/serviceAccounts/agrisnap-9b487@appspot.gserviceaccount.com:testIamPermissions [none]
[debug] [2026-04-19T06:43:02.190Z] >>> [apiv2][body] POST https://iam.googleapis.com/v1/projects/agrisnap-9b487/serviceAccounts/agrisnap-9b487@appspot.gserviceaccount.com:testIamPermissions {"permissions":["iam.serviceAccounts.actAs"]}
[debug] [2026-04-19T06:43:02.862Z] <<< [apiv2][status] POST https://iam.googleapis.com/v1/projects/agrisnap-9b487/serviceAccounts/agrisnap-9b487@appspot.gserviceaccount.com:testIamPermissions 200
[debug] [2026-04-19T06:43:02.863Z] <<< [apiv2][body] POST https://iam.googleapis.com/v1/projects/agrisnap-9b487/serviceAccounts/agrisnap-9b487@appspot.gserviceaccount.com:testIamPermissions {"permissions":["iam.serviceAccounts.actAs"]}
[info] 
[info] === Deploying to 'agrisnap-9b487'...
[info] 
[info] i  deploying functions 
[debug] [2026-04-19T06:43:02.867Z] Checked if tokens are valid: true, expires at: 1776584579700
[debug] [2026-04-19T06:43:02.867Z] Checked if tokens are valid: true, expires at: 1776584579700
[debug] [2026-04-19T06:43:02.867Z] >>> [apiv2][query] GET https://cloudresourcemanager.googleapis.com/v1/projects/agrisnap-9b487 [none]
[debug] [2026-04-19T06:43:03.207Z] <<< [apiv2][status] GET https://cloudresourcemanager.googleapis.com/v1/projects/agrisnap-9b487 200
[debug] [2026-04-19T06:43:03.207Z] <<< [apiv2][body] GET https://cloudresourcemanager.googleapis.com/v1/projects/agrisnap-9b487 {"projectNumber":"534150351488","projectId":"agrisnap-9b487","lifecycleState":"ACTIVE","name":"AgriSnap","labels":{"firebase":"enabled","firebase-core":"disabled"},"createTime":"2026-02-12T16:40:48.035488Z"}
[info] i  functions: preparing codebase default for deployment 
[info] i  functions: ensuring required API cloudfunctions.googleapis.com is enabled... 
[info] i  functions: ensuring required API cloudbuild.googleapis.com is enabled... 
[info] i  artifactregistry: ensuring required API artifactregistry.googleapis.com is enabled... 
[debug] [2026-04-19T06:43:03.213Z] Checked if tokens are valid: true, expires at: 1776584579700
[debug] [2026-04-19T06:43:03.213Z] Checked if tokens are valid: true, expires at: 1776584579700
[debug] [2026-04-19T06:43:03.213Z] >>> [apiv2][query] GET https://firebase.googleapis.com/v1beta1/projects/agrisnap-9b487/adminSdkConfig [none]
[debug] [2026-04-19T06:43:03.867Z] <<< [apiv2][status] GET https://firebase.googleapis.com/v1beta1/projects/agrisnap-9b487/adminSdkConfig 200
[debug] [2026-04-19T06:43:03.868Z] <<< [apiv2][body] GET https://firebase.googleapis.com/v1beta1/projects/agrisnap-9b487/adminSdkConfig {"projectId":"agrisnap-9b487","databaseURL":"https://agrisnap-9b487-default-rtdb.asia-southeast1.firebasedatabase.app","storageBucket":"agrisnap-9b487.firebasestorage.app"}
[debug] [2026-04-19T06:43:03.872Z] Validating nodejs source
[debug] [2026-04-19T06:43:04.933Z] > [functions] package.json contents: {
  "name": "functions",
  "scripts": {
    "lint": "eslint .",
    "build": "tsc",
    "build:watch": "tsc --watch",
    "serve": "npm run build && firebase emulators:start --only functions",
    "shell": "npm run build && firebase functions:shell",
    "start": "npm run shell",
    "deploy": "firebase deploy --only functions",
    "logs": "firebase functions:log"
  },
  "engines": {
    "node": "24"
  },
  "main": "lib/index.js",
  "dependencies": {
    "firebase-admin": "^13.6.0",
    "firebase-functions": "^7.0.0",
    "node-fetch": "^2.7.0"
  },
  "devDependencies": {
    "@types/node-fetch": "^2.6.13",
    "@typescript-eslint/eslint-plugin": "^5.12.0",
    "@typescript-eslint/parser": "^5.12.0",
    "eslint": "^8.9.0",
    "eslint-config-google": "^0.14.0",
    "eslint-plugin-import": "^2.25.4",
    "firebase-functions-test": "^3.4.1",
    "typescript": "^6.0.0"
  },
  "private": true
}
[debug] [2026-04-19T06:43:04.933Z] Building nodejs source
[info] i  functions: Loading and analyzing source code for codebase default to determine what to deploy 
[debug] [2026-04-19T06:43:04.934Z] Could not find functions.yaml. Must use http discovery
[debug] [2026-04-19T06:43:04.949Z] Found firebase-functions binary at 'C:\Users\hp\reactprojects\agri-snap\functions\node_modules\.bin\firebase-functions'
[info] Serving at port 8427

[debug] [2026-04-19T06:43:05.852Z] Got response from /__/functions.yaml {"endpoints":{"getWeather":{"availableMemoryMb":null,"timeoutSeconds":null,"minInstances":null,"maxInstances":null,"ingressSettings":null,"concurrency":null,"serviceAccountEmail":null,"vpc":null,"platform":"gcfv2","labels":{},"httpsTrigger":{},"entryPoint":"getWeather"}},"specVersion":"v1alpha1","requiredAPIs":[],"extensions":{}}
[info] i  extensions: ensuring required API firebaseextensions.googleapis.com is enabled... 
[debug] [2026-04-19T06:43:09.917Z] > command requires scopes: ["email","openid","https://www.googleapis.com/auth/cloudplatformprojects.readonly","https://www.googleapis.com/auth/firebase","https://www.googleapis.com/auth/cloud-platform"]
[debug] [2026-04-19T06:43:09.917Z] > authorizing via signed-in user (achuthchowdary96@gmail.com)
[debug] [2026-04-19T06:43:09.917Z] [iam] checking project agrisnap-9b487 for permissions ["firebase.projects.get","firebaseextensions.instances.list"]
[debug] [2026-04-19T06:43:09.918Z] Checked if tokens are valid: true, expires at: 1776584579700
[debug] [2026-04-19T06:43:09.918Z] Checked if tokens are valid: true, expires at: 1776584579700
[debug] [2026-04-19T06:43:09.918Z] >>> [apiv2][query] POST https://cloudresourcemanager.googleapis.com/v1/projects/agrisnap-9b487:testIamPermissions [none]
[debug] [2026-04-19T06:43:09.918Z] >>> [apiv2][(partial)header] POST https://cloudresourcemanager.googleapis.com/v1/projects/agrisnap-9b487:testIamPermissions  x-goog-user-project=agrisnap-9b487
[debug] [2026-04-19T06:43:09.918Z] >>> [apiv2][body] POST https://cloudresourcemanager.googleapis.com/v1/projects/agrisnap-9b487:testIamPermissions {"permissions":["firebase.projects.get","firebaseextensions.instances.list"]}
[debug] [2026-04-19T06:43:11.569Z] <<< [apiv2][status] POST https://cloudresourcemanager.googleapis.com/v1/projects/agrisnap-9b487:testIamPermissions 200
[debug] [2026-04-19T06:43:11.569Z] <<< [apiv2][body] POST https://cloudresourcemanager.googleapis.com/v1/projects/agrisnap-9b487:testIamPermissions {"permissions":["firebase.projects.get","firebaseextensions.instances.list"]}
[debug] [2026-04-19T06:43:11.569Z] Checked if tokens are valid: true, expires at: 1776584579700
[debug] [2026-04-19T06:43:11.569Z] Checked if tokens are valid: true, expires at: 1776584579700
[debug] [2026-04-19T06:43:11.570Z] >>> [apiv2][query] GET https://firebaseextensions.googleapis.com/v1beta/projects/agrisnap-9b487/instances pageSize=100&pageToken=
[debug] [2026-04-19T06:43:13.233Z] <<< [apiv2][status] GET https://firebaseextensions.googleapis.com/v1beta/projects/agrisnap-9b487/instances 200
[debug] [2026-04-19T06:43:13.234Z] <<< [apiv2][body] GET https://firebaseextensions.googleapis.com/v1beta/projects/agrisnap-9b487/instances {}
[info] i  functions: preparing functions directory for uploading... 
[info] i  functions: packaged C:\Users\hp\reactprojects\agri-snap\functions (99.22 KB) for uploading 
[debug] [2026-04-19T06:43:13.333Z] Checked if tokens are valid: true, expires at: 1776584579700
[debug] [2026-04-19T06:43:13.333Z] Checked if tokens are valid: true, expires at: 1776584579700
[debug] [2026-04-19T06:43:13.333Z] >>> [apiv2][query] GET https://cloudfunctions.googleapis.com/v1/projects/agrisnap-9b487/locations/-/functions [none]
[debug] [2026-04-19T06:43:14.189Z] <<< [apiv2][status] GET https://cloudfunctions.googleapis.com/v1/projects/agrisnap-9b487/locations/-/functions 200
[debug] [2026-04-19T06:43:14.189Z] <<< [apiv2][body] GET https://cloudfunctions.googleapis.com/v1/projects/agrisnap-9b487/locations/-/functions {}
[debug] [2026-04-19T06:43:14.190Z] Checked if tokens are valid: true, expires at: 1776584579700
[debug] [2026-04-19T06:43:14.190Z] Checked if tokens are valid: true, expires at: 1776584579700
[debug] [2026-04-19T06:43:14.191Z] >>> [apiv2][query] GET https://cloudfunctions.googleapis.com/v2/projects/agrisnap-9b487/locations/-/functions filter=environment%3D%22GEN_2%22
[debug] [2026-04-19T06:43:15.874Z] <<< [apiv2][status] GET https://cloudfunctions.googleapis.com/v2/projects/agrisnap-9b487/locations/-/functions 200
[debug] [2026-04-19T06:43:15.874Z] <<< [apiv2][body] GET https://cloudfunctions.googleapis.com/v2/projects/agrisnap-9b487/locations/-/functions {"functions":[{"name":"projects/agrisnap-9b487/locations/us-central1/functions/getWeather","buildConfig":{"build":"projects/534150351488/locations/us-central1/builds/702bfc84-daa2-4ede-9d64-953921e29c81","runtime":"nodejs24","entryPoint":"getWeather","source":{"storageSource":{"bucket":"gcf-v2-sources-534150351488-us-central1","object":"getWeather/function-source.zip","generation":"1776577938913920"}},"environmentVariables":{"GOOGLE_NODE_RUN_SCRIPTS":""},"dockerRepository":"projects/agrisnap-9b487/locations/us-central1/repositories/gcf-artifacts","sourceProvenance":{"resolvedStorageSource":{"bucket":"gcf-v2-sources-534150351488-us-central1","object":"getWeather/function-source.zip","generation":"1776577938913920"}},"dockerRegistry":"ARTIFACT_REGISTRY","serviceAccount":"projects/agrisnap-9b487/serviceAccounts/534150351488-compute@developer.gserviceaccount.com","automaticUpdatePolicy":{}},"serviceConfig":{"service":"projects/agrisnap-9b487/locations/us-central1/services/getweather","timeoutSeconds":60,"environmentVariables":{"FIREBASE_CONFIG":"{\"projectId\":\"agrisnap-9b487\",\"databaseURL\":\"https://agrisnap-9b487-default-rtdb.asia-southeast1.firebasedatabase.app\",\"storageBucket\":\"agrisnap-9b487.firebasestorage.app\"}","GCLOUD_PROJECT":"agrisnap-9b487","EVENTARC_CLOUD_EVENT_SOURCE":"projects/agrisnap-9b487/locations/us-central1/services/getWeather","FUNCTION_TARGET":"getWeather","LOG_EXECUTION_ID":"true"},"maxInstanceCount":20,"ingressSettings":"ALLOW_ALL","uri":"https://getweather-pdetykgfaq-uc.a.run.app","serviceAccountEmail":"534150351488-compute@developer.gserviceaccount.com","availableMemory":"256Mi","allTrafficOnLatestRevision":true,"revision":"getweather-00002-wup","maxInstanceRequestConcurrency":80,"availableCpu":"1"},"state":"ACTIVE","updateTime":"2026-04-19T05:53:19.024931679Z","labels":{"firebase-functions-hash":"b2ff4b079327d67ef678e78ca9845eea048782e9","deployment-tool":"cli-firebase"},"environment":"GEN_2","url":"https://us-central1-agrisnap-9b487.cloudfunctions.net/getWeather","createTime":"2026-04-19T05:22:01.116034791Z","satisfiesPzi":true}]}
[info] i  functions: ensuring required API run.googleapis.com is enabled... 
[info] i  functions: ensuring required API eventarc.googleapis.com is enabled... 
[info] i  functions: ensuring required API pubsub.googleapis.com is enabled... 
[info] i  functions: ensuring required API storage.googleapis.com is enabled... 
[info] i  functions: generating the service identity for pubsub.googleapis.com... 
[debug] [2026-04-19T06:43:15.883Z] Checked if tokens are valid: true, expires at: 1776584579700
[debug] [2026-04-19T06:43:15.883Z] Checked if tokens are valid: true, expires at: 1776584579700
[info] i  functions: generating the service identity for eventarc.googleapis.com... 
[debug] [2026-04-19T06:43:15.891Z] Checked if tokens are valid: true, expires at: 1776584579700
[debug] [2026-04-19T06:43:15.891Z] Checked if tokens are valid: true, expires at: 1776584579700
[debug] [2026-04-19T06:43:15.892Z] >>> [apiv2][query] POST https://serviceusage.googleapis.com/v1beta1/projects/534150351488/services/pubsub.googleapis.com:generateServiceIdentity [none]
[debug] [2026-04-19T06:43:15.892Z] >>> [apiv2][(partial)header] POST https://serviceusage.googleapis.com/v1beta1/projects/534150351488/services/pubsub.googleapis.com:generateServiceIdentity  x-goog-user-project=534150351488
[debug] [2026-04-19T06:43:15.892Z] >>> [apiv2][body] POST https://serviceusage.googleapis.com/v1beta1/projects/534150351488/services/pubsub.googleapis.com:generateServiceIdentity {}
[debug] [2026-04-19T06:43:15.895Z] >>> [apiv2][query] POST https://serviceusage.googleapis.com/v1beta1/projects/534150351488/services/eventarc.googleapis.com:generateServiceIdentity [none]
[debug] [2026-04-19T06:43:15.896Z] >>> [apiv2][(partial)header] POST https://serviceusage.googleapis.com/v1beta1/projects/534150351488/services/eventarc.googleapis.com:generateServiceIdentity  x-goog-user-project=534150351488
[debug] [2026-04-19T06:43:15.896Z] >>> [apiv2][body] POST https://serviceusage.googleapis.com/v1beta1/projects/534150351488/services/eventarc.googleapis.com:generateServiceIdentity {}
[debug] [2026-04-19T06:43:17.839Z] <<< [apiv2][status] POST https://serviceusage.googleapis.com/v1beta1/projects/534150351488/services/pubsub.googleapis.com:generateServiceIdentity 200
[debug] [2026-04-19T06:43:17.839Z] <<< [apiv2][body] POST https://serviceusage.googleapis.com/v1beta1/projects/534150351488/services/pubsub.googleapis.com:generateServiceIdentity {"name":"operations/finished.DONE_OPERATION","done":true,"response":{"@type":"type.googleapis.com/google.api.serviceusage.v1beta1.ServiceIdentity","email":"service-534150351488@gcp-sa-pubsub.iam.gserviceaccount.com","uniqueId":"102747056183090986848"}}
[debug] [2026-04-19T06:43:17.909Z] <<< [apiv2][status] POST https://serviceusage.googleapis.com/v1beta1/projects/534150351488/services/eventarc.googleapis.com:generateServiceIdentity 200
[debug] [2026-04-19T06:43:17.909Z] <<< [apiv2][body] POST https://serviceusage.googleapis.com/v1beta1/projects/534150351488/services/eventarc.googleapis.com:generateServiceIdentity {"name":"operations/finished.DONE_OPERATION","done":true,"response":{"@type":"type.googleapis.com/google.api.serviceusage.v1beta1.ServiceIdentity","email":"service-534150351488@gcp-sa-eventarc.iam.gserviceaccount.com","uniqueId":"111528352009264536481"}}
[debug] [2026-04-19T06:43:17.912Z] Checked if tokens are valid: true, expires at: 1776584579700
[debug] [2026-04-19T06:43:17.912Z] Checked if tokens are valid: true, expires at: 1776584579700
[debug] [2026-04-19T06:43:17.912Z] >>> [apiv2][query] GET https://cloudresourcemanager.googleapis.com/v1/projects/agrisnap-9b487 [none]
[debug] [2026-04-19T06:43:19.392Z] <<< [apiv2][status] GET https://cloudresourcemanager.googleapis.com/v1/projects/agrisnap-9b487 200
[debug] [2026-04-19T06:43:19.392Z] <<< [apiv2][body] GET https://cloudresourcemanager.googleapis.com/v1/projects/agrisnap-9b487 {"projectNumber":"534150351488","projectId":"agrisnap-9b487","lifecycleState":"ACTIVE","name":"AgriSnap","labels":{"firebase":"enabled","firebase-core":"disabled"},"createTime":"2026-02-12T16:40:48.035488Z"}
[debug] [2026-04-19T06:43:19.392Z] Checked if tokens are valid: true, expires at: 1776584579700
[debug] [2026-04-19T06:43:19.392Z] Checked if tokens are valid: true, expires at: 1776584579700
[debug] [2026-04-19T06:43:19.393Z] >>> [apiv2][query] GET https://compute.googleapis.com/compute/v1/projects/534150351488 [none]
[debug] [2026-04-19T06:43:20.002Z] <<< [apiv2][status] GET https://compute.googleapis.com/compute/v1/projects/534150351488 403
[debug] [2026-04-19T06:43:20.003Z] <<< [apiv2][body] GET https://compute.googleapis.com/compute/v1/projects/534150351488 {"error":{"code":403,"message":"Compute Engine API has not been used in project 534150351488 before or it is disabled. Enable it by visiting https://console.developers.google.com/apis/api/compute.googleapis.com/overview?project=534150351488 then retry. If you enabled this API recently, wait a few minutes for the action to propagate to our systems and retry.","errors":[{"message":"Compute Engine API has not been used in project 534150351488 before or it is disabled. Enable it by visiting https://console.developers.google.com/apis/api/compute.googleapis.com/overview?project=534150351488 then retry. If you enabled this API recently, wait a few minutes for the action to propagate to our systems and retry.","domain":"usageLimits","reason":"accessNotConfigured","extendedHelp":"https://console.developers.google.com"}],"status":"PERMISSION_DENIED","details":[{"@type":"type.googleapis.com/google.rpc.ErrorInfo","reason":"SERVICE_DISABLED","domain":"googleapis.com","metadata":{"consumer":"projects/534150351488","serviceTitle":"Compute Engine API","containerInfo":"534150351488","service":"compute.googleapis.com","activationUrl":"https://console.developers.google.com/apis/api/compute.googleapis.com/overview?project=534150351488"}},{"@type":"type.googleapis.com/google.rpc.LocalizedMessage","locale":"en-US","message":"Compute Engine API has not been used in project 534150351488 before or it is disabled. Enable it by visiting https://console.developers.google.com/apis/api/compute.googleapis.com/overview?project=534150351488 then retry. If you enabled this API recently, wait a few minutes for the action to propagate to our systems and retry."},{"@type":"type.googleapis.com/google.rpc.Help","links":[{"description":"Google developers console API activation","url":"https://console.developers.google.com/apis/api/compute.googleapis.com/overview?project=534150351488"}]}]}}
[debug] [2026-04-19T06:43:20.003Z] unable to look up default compute service account. Falling back to 534150351488-compute@developer.gserviceaccount.com. Error: {"name":"FirebaseError","children":[],"context":{"body":{"error":{"code":403,"message":"Compute Engine API has not been used in project 534150351488 before or it is disabled. Enable it by visiting https://console.developers.google.com/apis/api/compute.googleapis.com/overview?project=534150351488 then retry. If you enabled this API recently, wait a few minutes for the action to propagate to our systems and retry.","errors":[{"message":"Compute Engine API has not been used in project 534150351488 before or it is disabled. Enable it by visiting https://console.developers.google.com/apis/api/compute.googleapis.com/overview?project=534150351488 then retry. If you enabled this API recently, wait a few minutes for the action to propagate to our systems and retry.","domain":"usageLimits","reason":"accessNotConfigured","extendedHelp":"https://console.developers.google.com"}],"status":"PERMISSION_DENIED","details":[{"@type":"type.googleapis.com/google.rpc.ErrorInfo","reason":"SERVICE_DISABLED","domain":"googleapis.com","metadata":{"consumer":"projects/534150351488","serviceTitle":"Compute Engine API","containerInfo":"534150351488","service":"compute.googleapis.com","activationUrl":"https://console.developers.google.com/apis/api/compute.googleapis.com/overview?project=534150351488"}},{"@type":"type.googleapis.com/google.rpc.LocalizedMessage","locale":"en-US","message":"Compute Engine API has not been used in project 534150351488 before or it is disabled. Enable it by visiting https://console.developers.google.com/apis/api/compute.googleapis.com/overview?project=534150351488 then retry. If you enabled this API recently, wait a few minutes for the action to propagate to our systems and retry."},{"@type":"type.googleapis.com/google.rpc.Help","links":[{"description":"Google developers console API activation","url":"https://console.developers.google.com/apis/api/compute.googleapis.com/overview?project=534150351488"}]}]}},"response":{"statusCode":403}},"exit":1,"message":"Request to https://compute.googleapis.com/compute/v1/projects/534150351488 had HTTP Error: 403, Compute Engine API has not been used in project 534150351488 before or it is disabled. Enable it by visiting https://console.developers.google.com/apis/api/compute.googleapis.com/overview?project=534150351488 then retry. If you enabled this API recently, wait a few minutes for the action to propagate to our systems and retry.","status":403}
[debug] [2026-04-19T06:43:20.005Z] Checked if tokens are valid: true, expires at: 1776584579700
[debug] [2026-04-19T06:43:20.005Z] Checked if tokens are valid: true, expires at: 1776584579700
[debug] [2026-04-19T06:43:20.005Z] >>> [apiv2][query] GET https://cloudbilling.googleapis.com/v1/projects/agrisnap-9b487/billingInfo [none]
[debug] [2026-04-19T06:43:21.411Z] <<< [apiv2][status] GET https://cloudbilling.googleapis.com/v1/projects/agrisnap-9b487/billingInfo 200
[debug] [2026-04-19T06:43:21.412Z] <<< [apiv2][body] GET https://cloudbilling.googleapis.com/v1/projects/agrisnap-9b487/billingInfo {"name":"projects/agrisnap-9b487/billingInfo","projectId":"agrisnap-9b487","billingAccountName":"billingAccounts/01D5B1-C85FE4-D2013C","billingEnabled":true}
[debug] [2026-04-19T06:43:21.416Z] Checked if tokens are valid: true, expires at: 1776584579700
[debug] [2026-04-19T06:43:21.416Z] Checked if tokens are valid: true, expires at: 1776584579700
[debug] [2026-04-19T06:43:21.416Z] >>> [apiv2][query] POST https://cloudfunctions.googleapis.com/v2/projects/agrisnap-9b487/locations/us-central1/functions:generateUploadUrl [none]
[debug] [2026-04-19T06:43:23.123Z] <<< [apiv2][status] POST https://cloudfunctions.googleapis.com/v2/projects/agrisnap-9b487/locations/us-central1/functions:generateUploadUrl 200
[debug] [2026-04-19T06:43:23.123Z] <<< [apiv2][body] POST https://cloudfunctions.googleapis.com/v2/projects/agrisnap-9b487/locations/us-central1/functions:generateUploadUrl {"uploadUrl":"https://storage.googleapis.com/gcf-v2-uploads-534150351488.us-central1.cloudfunctions.appspot.com/c2a10213-08f8-4c27-9e11-abb6e9895fa9.zip?GoogleAccessId=service-534150351488@gcf-admin-robot.iam.gserviceaccount.com&Expires=1776582802&Signature=b79tEf9af3F8h93o%2BCZ1npci1PtCXdBDMsqcxZpFHcxFQ8oP4DIjgx3qJiKCaPNKPuR2VyUUKuBeGqzBKi1mMuhX%2BDErxiHPsTNT%2Fd2NmTx7BXNopQmFoizUwSZjsPDab5kRQpId4VZudQ%2B95cFvU4DoBYiwbgrMAEOVK4TkKzN4aFt9R3MRHSVUhEu16hjAdSZr62OU8Zlt%2FdTN7fUAWLdjMKAc4liK416BwpLledtmRaIxhQ1fKoyIroOtSZP%2FTjMIgPglL0RZB%2BIFbTy5aUOaT%2FVMVjWMOBbk9CT%2FfmHzLBlGJhei7RUWM%2B0oMXpZpJ1ls9RPIUxZl%2FdC4TQtRA%3D%3D","storageSource":{"bucket":"gcf-v2-uploads-534150351488.us-central1.cloudfunctions.appspot.com","object":"c2a10213-08f8-4c27-9e11-abb6e9895fa9.zip"}}
[debug] [2026-04-19T06:43:23.125Z] >>> [apiv2][query] PUT https://storage.googleapis.com/gcf-v2-uploads-534150351488.us-central1.cloudfunctions.appspot.com/c2a10213-08f8-4c27-9e11-abb6e9895fa9.zip GoogleAccessId=service-534150351488%40gcf-admin-robot.iam.gserviceaccount.com&Expires=1776582802&Signature=b79tEf9af3F8h93o%2BCZ1npci1PtCXdBDMsqcxZpFHcxFQ8oP4DIjgx3qJiKCaPNKPuR2VyUUKuBeGqzBKi1mMuhX%2BDErxiHPsTNT%2Fd2NmTx7BXNopQmFoizUwSZjsPDab5kRQpId4VZudQ%2B95cFvU4DoBYiwbgrMAEOVK4TkKzN4aFt9R3MRHSVUhEu16hjAdSZr62OU8Zlt%2FdTN7fUAWLdjMKAc4liK416BwpLledtmRaIxhQ1fKoyIroOtSZP%2FTjMIgPglL0RZB%2BIFbTy5aUOaT%2FVMVjWMOBbk9CT%2FfmHzLBlGJhei7RUWM%2B0oMXpZpJ1ls9RPIUxZl%2FdC4TQtRA%3D%3D
[debug] [2026-04-19T06:43:23.125Z] >>> [apiv2][body] PUT https://storage.googleapis.com/gcf-v2-uploads-534150351488.us-central1.cloudfunctions.appspot.com/c2a10213-08f8-4c27-9e11-abb6e9895fa9.zip [stream]
[debug] [2026-04-19T06:43:24.670Z] <<< [apiv2][status] PUT https://storage.googleapis.com/gcf-v2-uploads-534150351488.us-central1.cloudfunctions.appspot.com/c2a10213-08f8-4c27-9e11-abb6e9895fa9.zip 200
[debug] [2026-04-19T06:43:24.670Z] <<< [apiv2][body] PUT https://storage.googleapis.com/gcf-v2-uploads-534150351488.us-central1.cloudfunctions.appspot.com/c2a10213-08f8-4c27-9e11-abb6e9895fa9.zip [omitted]
[info] +  functions: functions source uploaded successfully 
[info] i  functions: updating Node.js 24 (2nd Gen) function getWeather(us-central1)... 
[debug] [2026-04-19T06:43:24.678Z] Checked if tokens are valid: true, expires at: 1776584579700
[debug] [2026-04-19T06:43:24.678Z] Checked if tokens are valid: true, expires at: 1776584579700
[debug] [2026-04-19T06:43:24.678Z] >>> [apiv2][query] PATCH https://cloudfunctions.googleapis.com/v2/projects/agrisnap-9b487/locations/us-central1/functions/getWeather updateMask=name%2CbuildConfig.runtime%2CbuildConfig.entryPoint%2CbuildConfig.source.storageSource.bucket%2CbuildConfig.source.storageSource.object%2CbuildConfig.environmentVariables%2CbuildConfig.sourceToken%2CserviceConfig.environmentVariables%2CserviceConfig.ingressSettings%2CserviceConfig.timeoutSeconds%2CserviceConfig.serviceAccountEmail%2CserviceConfig.availableMemory%2CserviceConfig.minInstanceCount%2CserviceConfig.maxInstanceCount%2CserviceConfig.maxInstanceRequestConcurrency%2CserviceConfig.availableCpu%2CserviceConfig.vpcConnector%2CserviceConfig.vpcConnectorEgressSettings%2CserviceConfig.directVpcNetworkInterface%2CserviceConfig.directVpcEgress%2Clabels
[debug] [2026-04-19T06:43:24.678Z] >>> [apiv2][body] PATCH https://cloudfunctions.googleapis.com/v2/projects/agrisnap-9b487/locations/us-central1/functions/getWeather {"name":"projects/agrisnap-9b487/locations/us-central1/functions/getWeather","buildConfig":{"runtime":"nodejs24","entryPoint":"getWeather","source":{"storageSource":{"bucket":"gcf-v2-uploads-534150351488.us-central1.cloudfunctions.appspot.com","object":"c2a10213-08f8-4c27-9e11-abb6e9895fa9.zip"}},"environmentVariables":{"GOOGLE_NODE_RUN_SCRIPTS":""}},"serviceConfig":{"environmentVariables":{"FIREBASE_CONFIG":"{\"projectId\":\"agrisnap-9b487\",\"databaseURL\":\"https://agrisnap-9b487-default-rtdb.asia-southeast1.firebasedatabase.app\",\"storageBucket\":\"agrisnap-9b487.firebasestorage.app\"}","GCLOUD_PROJECT":"agrisnap-9b487","EVENTARC_CLOUD_EVENT_SOURCE":"projects/agrisnap-9b487/locations/us-central1/services/getWeather","FUNCTION_TARGET":"getWeather","LOG_EXECUTION_ID":"true"},"ingressSettings":null,"timeoutSeconds":null,"serviceAccountEmail":null,"availableMemory":"256Mi","minInstanceCount":null,"maxInstanceCount":null,"maxInstanceRequestConcurrency":80,"availableCpu":"1","vpcConnector":null,"vpcConnectorEgressSettings":null,"directVpcNetworkInterface":null,"directVpcEgress":null},"labels":{"deployment-tool":"cli-firebase","firebase-functions-hash":"c382a49c1b8d6174341c4528117c7c01fc06652c"}}
[debug] [2026-04-19T06:43:26.912Z] <<< [apiv2][status] PATCH https://cloudfunctions.googleapis.com/v2/projects/agrisnap-9b487/locations/us-central1/functions/getWeather 200
[debug] [2026-04-19T06:43:26.913Z] <<< [apiv2][body] PATCH https://cloudfunctions.googleapis.com/v2/projects/agrisnap-9b487/locations/us-central1/functions/getWeather {"name":"projects/agrisnap-9b487/locations/us-central1/operations/operation-1776581005899-64fca7fc575f2-a2b04de8-e264513e","metadata":{"@type":"type.googleapis.com/google.cloud.functions.v2.OperationMetadata","createTime":"2026-04-19T06:43:26.741551586Z","target":"projects/agrisnap-9b487/locations/us-central1/functions/getWeather","verb":"update","cancelRequested":false,"apiVersion":"v2"},"done":false}
[debug] [2026-04-19T06:43:26.913Z] Checked if tokens are valid: true, expires at: 1776584579700
[debug] [2026-04-19T06:43:26.914Z] Checked if tokens are valid: true, expires at: 1776584579700
[debug] [2026-04-19T06:43:26.914Z] >>> [apiv2][query] GET https://cloudfunctions.googleapis.com/v2/projects/agrisnap-9b487/locations/us-central1/operations/operation-1776581005899-64fca7fc575f2-a2b04de8-e264513e [none]
[debug] [2026-04-19T06:43:28.294Z] <<< [apiv2][status] GET https://cloudfunctions.googleapis.com/v2/projects/agrisnap-9b487/locations/us-central1/operations/operation-1776581005899-64fca7fc575f2-a2b04de8-e264513e 200
[debug] [2026-04-19T06:43:28.295Z] <<< [apiv2][body] GET https://cloudfunctions.googleapis.com/v2/projects/agrisnap-9b487/locations/us-central1/operations/operation-1776581005899-64fca7fc575f2-a2b04de8-e264513e {"name":"projects/agrisnap-9b487/locations/us-central1/operations/operation-1776581005899-64fca7fc575f2-a2b04de8-e264513e","metadata":{"@type":"type.googleapis.com/google.cloud.functions.v2.OperationMetadata","createTime":"2026-04-19T06:43:26.741551586Z","target":"projects/agrisnap-9b487/locations/us-central1/functions/getWeather","verb":"update","cancelRequested":false,"apiVersion":"v2","requestResource":{"@type":"type.googleapis.com/google.cloud.functions.v2.Function","name":"projects/agrisnap-9b487/locations/us-central1/functions/getWeather","buildConfig":{"runtime":"nodejs24","entryPoint":"getWeather","source":{"storageSource":{"bucket":"gcf-v2-sources-534150351488-us-central1","object":"getWeather/function-source.zip","generation":"1776581006688513"}},"environmentVariables":{"GOOGLE_NODE_RUN_SCRIPTS":""},"dockerRepository":"projects/agrisnap-9b487/locations/us-central1/repositories/gcf-artifacts","sourceProvenance":{"resolvedStorageSource":{"bucket":"gcf-v2-sources-534150351488-us-central1","object":"getWeather/function-source.zip","generation":"1776577938913920"}},"dockerRegistry":"ARTIFACT_REGISTRY","serviceAccount":"projects/agrisnap-9b487/serviceAccounts/534150351488-compute@developer.gserviceaccount.com","automaticUpdatePolicy":{}},"serviceConfig":{"service":"projects/agrisnap-9b487/locations/us-central1/services/getweather","timeoutSeconds":60,"environmentVariables":{"FIREBASE_CONFIG":"{\"projectId\":\"agrisnap-9b487\",\"databaseURL\":\"https://agrisnap-9b487-default-rtdb.asia-southeast1.firebasedatabase.app\",\"storageBucket\":\"agrisnap-9b487.firebasestorage.app\"}","GCLOUD_PROJECT":"agrisnap-9b487","EVENTARC_CLOUD_EVENT_SOURCE":"projects/agrisnap-9b487/locations/us-central1/services/getWeather","FUNCTION_TARGET":"getWeather","LOG_EXECUTION_ID":"true"},"ingressSettings":"ALLOW_ALL","uri":"https://getweather-pdetykgfaq-uc.a.run.app","serviceAccountEmail":"534150351488-compute@developer.gserviceaccount.com","availableMemory":"256Mi","allTrafficOnLatestRevision":true,"revision":"getweather-00002-wup","maxInstanceRequestConcurrency":80,"availableCpu":"1"},"state":"ACTIVE","labels":{"deployment-tool":"cloudfunctions","firebase-functions-hash":"c382a49c1b8d6174341c4528117c7c01fc06652c"},"environment":"GEN_2","url":"https://us-central1-agrisnap-9b487.cloudfunctions.net/getWeather","satisfiesPzi":true},"stages":[{"name":"BUILD","message":"Build in progress","state":"IN_PROGRESS","resource":"projects/534150351488/locations/us-central1/builds/0a0f7c84-b493-43a6-912a-98ddc07c5b50","resourceUri":"https://console.cloud.google.com/cloud-build/builds;region=us-central1/0a0f7c84-b493-43a6-912a-98ddc07c5b50?project=534150351488"},{"name":"SERVICE","state":"NOT_STARTED"}],"operationType":"UPDATE_FUNCTION","buildName":"projects/534150351488/locations/us-central1/builds/0a0f7c84-b493-43a6-912a-98ddc07c5b50"},"done":false}
[debug] [2026-04-19T06:43:28.798Z] [update-default-us-central1-getWeather] Retrying task index 0
[debug] [2026-04-19T06:43:28.801Z] Checked if tokens are valid: true, expires at: 1776584579700
[debug] [2026-04-19T06:43:28.801Z] Checked if tokens are valid: true, expires at: 1776584579700
[debug] [2026-04-19T06:43:28.801Z] >>> [apiv2][query] GET https://cloudfunctions.googleapis.com/v2/projects/agrisnap-9b487/locations/us-central1/operations/operation-1776581005899-64fca7fc575f2-a2b04de8-e264513e [none]
[debug] [2026-04-19T06:43:30.241Z] <<< [apiv2][status] GET https://cloudfunctions.googleapis.com/v2/projects/agrisnap-9b487/locations/us-central1/operations/operation-1776581005899-64fca7fc575f2-a2b04de8-e264513e 200
[debug] [2026-04-19T06:43:30.241Z] <<< [apiv2][body] GET https://cloudfunctions.googleapis.com/v2/projects/agrisnap-9b487/locations/us-central1/operations/operation-1776581005899-64fca7fc575f2-a2b04de8-e264513e {"name":"projects/agrisnap-9b487/locations/us-central1/operations/operation-1776581005899-64fca7fc575f2-a2b04de8-e264513e","metadata":{"@type":"type.googleapis.com/google.cloud.functions.v2.OperationMetadata","createTime":"2026-04-19T06:43:26.741551586Z","target":"projects/agrisnap-9b487/locations/us-central1/functions/getWeather","verb":"update","cancelRequested":false,"apiVersion":"v2","requestResource":{"@type":"type.googleapis.com/google.cloud.functions.v2.Function","name":"projects/agrisnap-9b487/locations/us-central1/functions/getWeather","buildConfig":{"runtime":"nodejs24","entryPoint":"getWeather","source":{"storageSource":{"bucket":"gcf-v2-sources-534150351488-us-central1","object":"getWeather/function-source.zip","generation":"1776581006688513"}},"environmentVariables":{"GOOGLE_NODE_RUN_SCRIPTS":""},"dockerRepository":"projects/agrisnap-9b487/locations/us-central1/repositories/gcf-artifacts","sourceProvenance":{"resolvedStorageSource":{"bucket":"gcf-v2-sources-534150351488-us-central1","object":"getWeather/function-source.zip","generation":"1776577938913920"}},"dockerRegistry":"ARTIFACT_REGISTRY","serviceAccount":"projects/agrisnap-9b487/serviceAccounts/534150351488-compute@developer.gserviceaccount.com","automaticUpdatePolicy":{}},"serviceConfig":{"service":"projects/agrisnap-9b487/locations/us-central1/services/getweather","timeoutSeconds":60,"environmentVariables":{"FIREBASE_CONFIG":"{\"projectId\":\"agrisnap-9b487\",\"databaseURL\":\"https://agrisnap-9b487-default-rtdb.asia-southeast1.firebasedatabase.app\",\"storageBucket\":\"agrisnap-9b487.firebasestorage.app\"}","GCLOUD_PROJECT":"agrisnap-9b487","EVENTARC_CLOUD_EVENT_SOURCE":"projects/agrisnap-9b487/locations/us-central1/services/getWeather","FUNCTION_TARGET":"getWeather","LOG_EXECUTION_ID":"true"},"ingressSettings":"ALLOW_ALL","uri":"https://getweather-pdetykgfaq-uc.a.run.app","serviceAccountEmail":"534150351488-compute@developer.gserviceaccount.com","availableMemory":"256Mi","allTrafficOnLatestRevision":true,"revision":"getweather-00002-wup","maxInstanceRequestConcurrency":80,"availableCpu":"1"},"state":"ACTIVE","labels":{"deployment-tool":"cloudfunctions","firebase-functions-hash":"c382a49c1b8d6174341c4528117c7c01fc06652c"},"environment":"GEN_2","url":"https://us-central1-agrisnap-9b487.cloudfunctions.net/getWeather","satisfiesPzi":true},"stages":[{"name":"BUILD","message":"Build in progress","state":"IN_PROGRESS","resource":"projects/534150351488/locations/us-central1/builds/0a0f7c84-b493-43a6-912a-98ddc07c5b50","resourceUri":"https://console.cloud.google.com/cloud-build/builds;region=us-central1/0a0f7c84-b493-43a6-912a-98ddc07c5b50?project=534150351488"},{"name":"SERVICE","state":"NOT_STARTED"}],"operationType":"UPDATE_FUNCTION","buildName":"projects/534150351488/locations/us-central1/builds/0a0f7c84-b493-43a6-912a-98ddc07c5b50"},"done":false}
[debug] [2026-04-19T06:43:31.246Z] [update-default-us-central1-getWeather] Retrying task index 0
[debug] [2026-04-19T06:43:31.247Z] Checked if tokens are valid: true, expires at: 1776584579700
[debug] [2026-04-19T06:43:31.247Z] Checked if tokens are valid: true, expires at: 1776584579700
[debug] [2026-04-19T06:43:31.247Z] >>> [apiv2][query] GET https://cloudfunctions.googleapis.com/v2/projects/agrisnap-9b487/locations/us-central1/operations/operation-1776581005899-64fca7fc575f2-a2b04de8-e264513e [none]
[debug] [2026-04-19T06:43:32.858Z] <<< [apiv2][status] GET https://cloudfunctions.googleapis.com/v2/projects/agrisnap-9b487/locations/us-central1/operations/operation-1776581005899-64fca7fc575f2-a2b04de8-e264513e 200
[debug] [2026-04-19T06:43:32.858Z] <<< [apiv2][body] GET https://cloudfunctions.googleapis.com/v2/projects/agrisnap-9b487/locations/us-central1/operations/operation-1776581005899-64fca7fc575f2-a2b04de8-e264513e {"name":"projects/agrisnap-9b487/locations/us-central1/operations/operation-1776581005899-64fca7fc575f2-a2b04de8-e264513e","metadata":{"@type":"type.googleapis.com/google.cloud.functions.v2.OperationMetadata","createTime":"2026-04-19T06:43:26.741551586Z","target":"projects/agrisnap-9b487/locations/us-central1/functions/getWeather","verb":"update","cancelRequested":false,"apiVersion":"v2","requestResource":{"@type":"type.googleapis.com/google.cloud.functions.v2.Function","name":"projects/agrisnap-9b487/locations/us-central1/functions/getWeather","buildConfig":{"runtime":"nodejs24","entryPoint":"getWeather","source":{"storageSource":{"bucket":"gcf-v2-sources-534150351488-us-central1","object":"getWeather/function-source.zip","generation":"1776581006688513"}},"environmentVariables":{"GOOGLE_NODE_RUN_SCRIPTS":""},"dockerRepository":"projects/agrisnap-9b487/locations/us-central1/repositories/gcf-artifacts","sourceProvenance":{"resolvedStorageSource":{"bucket":"gcf-v2-sources-534150351488-us-central1","object":"getWeather/function-source.zip","generation":"1776577938913920"}},"dockerRegistry":"ARTIFACT_REGISTRY","serviceAccount":"projects/agrisnap-9b487/serviceAccounts/534150351488-compute@developer.gserviceaccount.com","automaticUpdatePolicy":{}},"serviceConfig":{"service":"projects/agrisnap-9b487/locations/us-central1/services/getweather","timeoutSeconds":60,"environmentVariables":{"FIREBASE_CONFIG":"{\"projectId\":\"agrisnap-9b487\",\"databaseURL\":\"https://agrisnap-9b487-default-rtdb.asia-southeast1.firebasedatabase.app\",\"storageBucket\":\"agrisnap-9b487.firebasestorage.app\"}","GCLOUD_PROJECT":"agrisnap-9b487","EVENTARC_CLOUD_EVENT_SOURCE":"projects/agrisnap-9b487/locations/us-central1/services/getWeather","FUNCTION_TARGET":"getWeather","LOG_EXECUTION_ID":"true"},"ingressSettings":"ALLOW_ALL","uri":"https://getweather-pdetykgfaq-uc.a.run.app","serviceAccountEmail":"534150351488-compute@developer.gserviceaccount.com","availableMemory":"256Mi","allTrafficOnLatestRevision":true,"revision":"getweather-00002-wup","maxInstanceRequestConcurrency":80,"availableCpu":"1"},"state":"ACTIVE","labels":{"deployment-tool":"cloudfunctions","firebase-functions-hash":"c382a49c1b8d6174341c4528117c7c01fc06652c"},"environment":"GEN_2","url":"https://us-central1-agrisnap-9b487.cloudfunctions.net/getWeather","satisfiesPzi":true},"stages":[{"name":"BUILD","message":"Build in progress","state":"IN_PROGRESS","resource":"projects/534150351488/locations/us-central1/builds/0a0f7c84-b493-43a6-912a-98ddc07c5b50","resourceUri":"https://console.cloud.google.com/cloud-build/builds;region=us-central1/0a0f7c84-b493-43a6-912a-98ddc07c5b50?project=534150351488"},{"name":"SERVICE","state":"NOT_STARTED"}],"operationType":"UPDATE_FUNCTION","buildName":"projects/534150351488/locations/us-central1/builds/0a0f7c84-b493-43a6-912a-98ddc07c5b50"},"done":false}
[debug] [2026-04-19T06:43:34.860Z] [update-default-us-central1-getWeather] Retrying task index 0
[debug] [2026-04-19T06:43:34.860Z] Checked if tokens are valid: true, expires at: 1776584579700
[debug] [2026-04-19T06:43:34.860Z] Checked if tokens are valid: true, expires at: 1776584579700
[debug] [2026-04-19T06:43:34.860Z] >>> [apiv2][query] GET https://cloudfunctions.googleapis.com/v2/projects/agrisnap-9b487/locations/us-central1/operations/operation-1776581005899-64fca7fc575f2-a2b04de8-e264513e [none]
[debug] [2026-04-19T06:43:36.633Z] <<< [apiv2][status] GET https://cloudfunctions.googleapis.com/v2/projects/agrisnap-9b487/locations/us-central1/operations/operation-1776581005899-64fca7fc575f2-a2b04de8-e264513e 200
[debug] [2026-04-19T06:43:36.633Z] <<< [apiv2][body] GET https://cloudfunctions.googleapis.com/v2/projects/agrisnap-9b487/locations/us-central1/operations/operation-1776581005899-64fca7fc575f2-a2b04de8-e264513e {"name":"projects/agrisnap-9b487/locations/us-central1/operations/operation-1776581005899-64fca7fc575f2-a2b04de8-e264513e","metadata":{"@type":"type.googleapis.com/google.cloud.functions.v2.OperationMetadata","createTime":"2026-04-19T06:43:26.741551586Z","target":"projects/agrisnap-9b487/locations/us-central1/functions/getWeather","verb":"update","cancelRequested":false,"apiVersion":"v2","requestResource":{"@type":"type.googleapis.com/google.cloud.functions.v2.Function","name":"projects/agrisnap-9b487/locations/us-central1/functions/getWeather","buildConfig":{"runtime":"nodejs24","entryPoint":"getWeather","source":{"storageSource":{"bucket":"gcf-v2-sources-534150351488-us-central1","object":"getWeather/function-source.zip","generation":"1776581006688513"}},"environmentVariables":{"GOOGLE_NODE_RUN_SCRIPTS":""},"dockerRepository":"projects/agrisnap-9b487/locations/us-central1/repositories/gcf-artifacts","sourceProvenance":{"resolvedStorageSource":{"bucket":"gcf-v2-sources-534150351488-us-central1","object":"getWeather/function-source.zip","generation":"1776577938913920"}},"dockerRegistry":"ARTIFACT_REGISTRY","serviceAccount":"projects/agrisnap-9b487/serviceAccounts/534150351488-compute@developer.gserviceaccount.com","automaticUpdatePolicy":{}},"serviceConfig":{"service":"projects/agrisnap-9b487/locations/us-central1/services/getweather","timeoutSeconds":60,"environmentVariables":{"FIREBASE_CONFIG":"{\"projectId\":\"agrisnap-9b487\",\"databaseURL\":\"https://agrisnap-9b487-default-rtdb.asia-southeast1.firebasedatabase.app\",\"storageBucket\":\"agrisnap-9b487.firebasestorage.app\"}","GCLOUD_PROJECT":"agrisnap-9b487","EVENTARC_CLOUD_EVENT_SOURCE":"projects/agrisnap-9b487/locations/us-central1/services/getWeather","FUNCTION_TARGET":"getWeather","LOG_EXECUTION_ID":"true"},"ingressSettings":"ALLOW_ALL","uri":"https://getweather-pdetykgfaq-uc.a.run.app","serviceAccountEmail":"534150351488-compute@developer.gserviceaccount.com","availableMemory":"256Mi","allTrafficOnLatestRevision":true,"revision":"getweather-00002-wup","maxInstanceRequestConcurrency":80,"availableCpu":"1"},"state":"ACTIVE","labels":{"deployment-tool":"cloudfunctions","firebase-functions-hash":"c382a49c1b8d6174341c4528117c7c01fc06652c"},"environment":"GEN_2","url":"https://us-central1-agrisnap-9b487.cloudfunctions.net/getWeather","satisfiesPzi":true},"stages":[{"name":"BUILD","message":"Build in progress","state":"IN_PROGRESS","resource":"projects/534150351488/locations/us-central1/builds/0a0f7c84-b493-43a6-912a-98ddc07c5b50","resourceUri":"https://console.cloud.google.com/cloud-build/builds;region=us-central1/0a0f7c84-b493-43a6-912a-98ddc07c5b50?project=534150351488"},{"name":"SERVICE","state":"NOT_STARTED"}],"operationType":"UPDATE_FUNCTION","buildName":"projects/534150351488/locations/us-central1/builds/0a0f7c84-b493-43a6-912a-98ddc07c5b50"},"done":false}
[debug] [2026-04-19T06:43:40.644Z] [update-default-us-central1-getWeather] Retrying task index 0
[debug] [2026-04-19T06:43:40.645Z] Checked if tokens are valid: true, expires at: 1776584579700
[debug] [2026-04-19T06:43:40.645Z] Checked if tokens are valid: true, expires at: 1776584579700
[debug] [2026-04-19T06:43:40.645Z] >>> [apiv2][query] GET https://cloudfunctions.googleapis.com/v2/projects/agrisnap-9b487/locations/us-central1/operations/operation-1776581005899-64fca7fc575f2-a2b04de8-e264513e [none]
[debug] [2026-04-19T06:43:42.028Z] <<< [apiv2][status] GET https://cloudfunctions.googleapis.com/v2/projects/agrisnap-9b487/locations/us-central1/operations/operation-1776581005899-64fca7fc575f2-a2b04de8-e264513e 200
[debug] [2026-04-19T06:43:42.028Z] <<< [apiv2][body] GET https://cloudfunctions.googleapis.com/v2/projects/agrisnap-9b487/locations/us-central1/operations/operation-1776581005899-64fca7fc575f2-a2b04de8-e264513e {"name":"projects/agrisnap-9b487/locations/us-central1/operations/operation-1776581005899-64fca7fc575f2-a2b04de8-e264513e","metadata":{"@type":"type.googleapis.com/google.cloud.functions.v2.OperationMetadata","createTime":"2026-04-19T06:43:26.741551586Z","target":"projects/agrisnap-9b487/locations/us-central1/functions/getWeather","verb":"update","cancelRequested":false,"apiVersion":"v2","requestResource":{"@type":"type.googleapis.com/google.cloud.functions.v2.Function","name":"projects/agrisnap-9b487/locations/us-central1/functions/getWeather","buildConfig":{"runtime":"nodejs24","entryPoint":"getWeather","source":{"storageSource":{"bucket":"gcf-v2-sources-534150351488-us-central1","object":"getWeather/function-source.zip","generation":"1776581006688513"}},"environmentVariables":{"GOOGLE_NODE_RUN_SCRIPTS":""},"dockerRepository":"projects/agrisnap-9b487/locations/us-central1/repositories/gcf-artifacts","sourceProvenance":{"resolvedStorageSource":{"bucket":"gcf-v2-sources-534150351488-us-central1","object":"getWeather/function-source.zip","generation":"1776577938913920"}},"dockerRegistry":"ARTIFACT_REGISTRY","serviceAccount":"projects/agrisnap-9b487/serviceAccounts/534150351488-compute@developer.gserviceaccount.com","automaticUpdatePolicy":{}},"serviceConfig":{"service":"projects/agrisnap-9b487/locations/us-central1/services/getweather","timeoutSeconds":60,"environmentVariables":{"FIREBASE_CONFIG":"{\"projectId\":\"agrisnap-9b487\",\"databaseURL\":\"https://agrisnap-9b487-default-rtdb.asia-southeast1.firebasedatabase.app\",\"storageBucket\":\"agrisnap-9b487.firebasestorage.app\"}","GCLOUD_PROJECT":"agrisnap-9b487","EVENTARC_CLOUD_EVENT_SOURCE":"projects/agrisnap-9b487/locations/us-central1/services/getWeather","FUNCTION_TARGET":"getWeather","LOG_EXECUTION_ID":"true"},"ingressSettings":"ALLOW_ALL","uri":"https://getweather-pdetykgfaq-uc.a.run.app","serviceAccountEmail":"534150351488-compute@developer.gserviceaccount.com","availableMemory":"256Mi","allTrafficOnLatestRevision":true,"revision":"getweather-00002-wup","maxInstanceRequestConcurrency":80,"availableCpu":"1"},"state":"ACTIVE","labels":{"deployment-tool":"cloudfunctions","firebase-functions-hash":"c382a49c1b8d6174341c4528117c7c01fc06652c"},"environment":"GEN_2","url":"https://us-central1-agrisnap-9b487.cloudfunctions.net/getWeather","satisfiesPzi":true},"stages":[{"name":"BUILD","message":"Build in progress","state":"IN_PROGRESS","resource":"projects/534150351488/locations/us-central1/builds/0a0f7c84-b493-43a6-912a-98ddc07c5b50","resourceUri":"https://console.cloud.google.com/cloud-build/builds;region=us-central1/0a0f7c84-b493-43a6-912a-98ddc07c5b50?project=534150351488"},{"name":"SERVICE","state":"NOT_STARTED"}],"operationType":"UPDATE_FUNCTION","buildName":"projects/534150351488/locations/us-central1/builds/0a0f7c84-b493-43a6-912a-98ddc07c5b50"},"done":false}
[debug] [2026-04-19T06:43:50.035Z] [update-default-us-central1-getWeather] Retrying task index 0
[debug] [2026-04-19T06:43:50.035Z] Checked if tokens are valid: true, expires at: 1776584579700
[debug] [2026-04-19T06:43:50.035Z] Checked if tokens are valid: true, expires at: 1776584579700
[debug] [2026-04-19T06:43:50.035Z] >>> [apiv2][query] GET https://cloudfunctions.googleapis.com/v2/projects/agrisnap-9b487/locations/us-central1/operations/operation-1776581005899-64fca7fc575f2-a2b04de8-e264513e [none]
[debug] [2026-04-19T06:43:51.439Z] <<< [apiv2][status] GET https://cloudfunctions.googleapis.com/v2/projects/agrisnap-9b487/locations/us-central1/operations/operation-1776581005899-64fca7fc575f2-a2b04de8-e264513e 200
[debug] [2026-04-19T06:43:51.439Z] <<< [apiv2][body] GET https://cloudfunctions.googleapis.com/v2/projects/agrisnap-9b487/locations/us-central1/operations/operation-1776581005899-64fca7fc575f2-a2b04de8-e264513e {"name":"projects/agrisnap-9b487/locations/us-central1/operations/operation-1776581005899-64fca7fc575f2-a2b04de8-e264513e","metadata":{"@type":"type.googleapis.com/google.cloud.functions.v2.OperationMetadata","createTime":"2026-04-19T06:43:26.741551586Z","target":"projects/agrisnap-9b487/locations/us-central1/functions/getWeather","verb":"update","cancelRequested":false,"apiVersion":"v2","requestResource":{"@type":"type.googleapis.com/google.cloud.functions.v2.Function","name":"projects/agrisnap-9b487/locations/us-central1/functions/getWeather","buildConfig":{"runtime":"nodejs24","entryPoint":"getWeather","source":{"storageSource":{"bucket":"gcf-v2-sources-534150351488-us-central1","object":"getWeather/function-source.zip","generation":"1776581006688513"}},"environmentVariables":{"GOOGLE_NODE_RUN_SCRIPTS":""},"dockerRepository":"projects/agrisnap-9b487/locations/us-central1/repositories/gcf-artifacts","sourceProvenance":{"resolvedStorageSource":{"bucket":"gcf-v2-sources-534150351488-us-central1","object":"getWeather/function-source.zip","generation":"1776577938913920"}},"dockerRegistry":"ARTIFACT_REGISTRY","serviceAccount":"projects/agrisnap-9b487/serviceAccounts/534150351488-compute@developer.gserviceaccount.com","automaticUpdatePolicy":{}},"serviceConfig":{"service":"projects/agrisnap-9b487/locations/us-central1/services/getweather","timeoutSeconds":60,"environmentVariables":{"FIREBASE_CONFIG":"{\"projectId\":\"agrisnap-9b487\",\"databaseURL\":\"https://agrisnap-9b487-default-rtdb.asia-southeast1.firebasedatabase.app\",\"storageBucket\":\"agrisnap-9b487.firebasestorage.app\"}","GCLOUD_PROJECT":"agrisnap-9b487","EVENTARC_CLOUD_EVENT_SOURCE":"projects/agrisnap-9b487/locations/us-central1/services/getWeather","FUNCTION_TARGET":"getWeather","LOG_EXECUTION_ID":"true"},"ingressSettings":"ALLOW_ALL","uri":"https://getweather-pdetykgfaq-uc.a.run.app","serviceAccountEmail":"534150351488-compute@developer.gserviceaccount.com","availableMemory":"256Mi","allTrafficOnLatestRevision":true,"revision":"getweather-00002-wup","maxInstanceRequestConcurrency":80,"availableCpu":"1"},"state":"ACTIVE","labels":{"deployment-tool":"cloudfunctions","firebase-functions-hash":"c382a49c1b8d6174341c4528117c7c01fc06652c"},"environment":"GEN_2","url":"https://us-central1-agrisnap-9b487.cloudfunctions.net/getWeather","satisfiesPzi":true},"stages":[{"name":"BUILD","message":"Build in progress","state":"IN_PROGRESS","resource":"projects/534150351488/locations/us-central1/builds/0a0f7c84-b493-43a6-912a-98ddc07c5b50","resourceUri":"https://console.cloud.google.com/cloud-build/builds;region=us-central1/0a0f7c84-b493-43a6-912a-98ddc07c5b50?project=534150351488"},{"name":"SERVICE","state":"NOT_STARTED"}],"operationType":"UPDATE_FUNCTION","buildName":"projects/534150351488/locations/us-central1/builds/0a0f7c84-b493-43a6-912a-98ddc07c5b50"},"done":false}
[debug] [2026-04-19T06:44:01.444Z] [update-default-us-central1-getWeather] Retrying task index 0
[debug] [2026-04-19T06:44:01.445Z] Checked if tokens are valid: true, expires at: 1776584579700
[debug] [2026-04-19T06:44:01.447Z] Checked if tokens are valid: true, expires at: 1776584579700
[debug] [2026-04-19T06:44:01.447Z] >>> [apiv2][query] GET https://cloudfunctions.googleapis.com/v2/projects/agrisnap-9b487/locations/us-central1/operations/operation-1776581005899-64fca7fc575f2-a2b04de8-e264513e [none]
[debug] [2026-04-19T06:44:03.009Z] <<< [apiv2][status] GET https://cloudfunctions.googleapis.com/v2/projects/agrisnap-9b487/locations/us-central1/operations/operation-1776581005899-64fca7fc575f2-a2b04de8-e264513e 200
[debug] [2026-04-19T06:44:03.009Z] <<< [apiv2][body] GET https://cloudfunctions.googleapis.com/v2/projects/agrisnap-9b487/locations/us-central1/operations/operation-1776581005899-64fca7fc575f2-a2b04de8-e264513e {"name":"projects/agrisnap-9b487/locations/us-central1/operations/operation-1776581005899-64fca7fc575f2-a2b04de8-e264513e","metadata":{"@type":"type.googleapis.com/google.cloud.functions.v2.OperationMetadata","createTime":"2026-04-19T06:43:26.741551586Z","target":"projects/agrisnap-9b487/locations/us-central1/functions/getWeather","verb":"update","cancelRequested":false,"apiVersion":"v2","requestResource":{"@type":"type.googleapis.com/google.cloud.functions.v2.Function","name":"projects/agrisnap-9b487/locations/us-central1/functions/getWeather","buildConfig":{"runtime":"nodejs24","entryPoint":"getWeather","source":{"storageSource":{"bucket":"gcf-v2-sources-534150351488-us-central1","object":"getWeather/function-source.zip","generation":"1776581006688513"}},"environmentVariables":{"GOOGLE_NODE_RUN_SCRIPTS":""},"dockerRepository":"projects/agrisnap-9b487/locations/us-central1/repositories/gcf-artifacts","sourceProvenance":{"resolvedStorageSource":{"bucket":"gcf-v2-sources-534150351488-us-central1","object":"getWeather/function-source.zip","generation":"1776577938913920"}},"dockerRegistry":"ARTIFACT_REGISTRY","serviceAccount":"projects/agrisnap-9b487/serviceAccounts/534150351488-compute@developer.gserviceaccount.com","automaticUpdatePolicy":{}},"serviceConfig":{"service":"projects/agrisnap-9b487/locations/us-central1/services/getweather","timeoutSeconds":60,"environmentVariables":{"FIREBASE_CONFIG":"{\"projectId\":\"agrisnap-9b487\",\"databaseURL\":\"https://agrisnap-9b487-default-rtdb.asia-southeast1.firebasedatabase.app\",\"storageBucket\":\"agrisnap-9b487.firebasestorage.app\"}","GCLOUD_PROJECT":"agrisnap-9b487","EVENTARC_CLOUD_EVENT_SOURCE":"projects/agrisnap-9b487/locations/us-central1/services/getWeather","FUNCTION_TARGET":"getWeather","LOG_EXECUTION_ID":"true"},"ingressSettings":"ALLOW_ALL","uri":"https://getweather-pdetykgfaq-uc.a.run.app","serviceAccountEmail":"534150351488-compute@developer.gserviceaccount.com","availableMemory":"256Mi","allTrafficOnLatestRevision":true,"revision":"getweather-00002-wup","maxInstanceRequestConcurrency":80,"availableCpu":"1"},"state":"ACTIVE","labels":{"deployment-tool":"cloudfunctions","firebase-functions-hash":"c382a49c1b8d6174341c4528117c7c01fc06652c"},"environment":"GEN_2","url":"https://us-central1-agrisnap-9b487.cloudfunctions.net/getWeather","satisfiesPzi":true},"stages":[{"name":"BUILD","message":"Build in progress","state":"IN_PROGRESS","resource":"projects/534150351488/locations/us-central1/builds/0a0f7c84-b493-43a6-912a-98ddc07c5b50","resourceUri":"https://console.cloud.google.com/cloud-build/builds;region=us-central1/0a0f7c84-b493-43a6-912a-98ddc07c5b50?project=534150351488"},{"name":"SERVICE","state":"NOT_STARTED"}],"operationType":"UPDATE_FUNCTION","buildName":"projects/534150351488/locations/us-central1/builds/0a0f7c84-b493-43a6-912a-98ddc07c5b50"},"done":false}
[debug] [2026-04-19T06:44:13.026Z] [update-default-us-central1-getWeather] Retrying task index 0
[debug] [2026-04-19T06:44:13.026Z] Checked if tokens are valid: true, expires at: 1776584579700
[debug] [2026-04-19T06:44:13.027Z] Checked if tokens are valid: true, expires at: 1776584579700
[debug] [2026-04-19T06:44:13.027Z] >>> [apiv2][query] GET https://cloudfunctions.googleapis.com/v2/projects/agrisnap-9b487/locations/us-central1/operations/operation-1776581005899-64fca7fc575f2-a2b04de8-e264513e [none]
[debug] [2026-04-19T06:44:14.406Z] <<< [apiv2][status] GET https://cloudfunctions.googleapis.com/v2/projects/agrisnap-9b487/locations/us-central1/operations/operation-1776581005899-64fca7fc575f2-a2b04de8-e264513e 200
[debug] [2026-04-19T06:44:14.406Z] <<< [apiv2][body] GET https://cloudfunctions.googleapis.com/v2/projects/agrisnap-9b487/locations/us-central1/operations/operation-1776581005899-64fca7fc575f2-a2b04de8-e264513e {"name":"projects/agrisnap-9b487/locations/us-central1/operations/operation-1776581005899-64fca7fc575f2-a2b04de8-e264513e","metadata":{"@type":"type.googleapis.com/google.cloud.functions.v2.OperationMetadata","createTime":"2026-04-19T06:43:26.741551586Z","target":"projects/agrisnap-9b487/locations/us-central1/functions/getWeather","verb":"update","cancelRequested":false,"apiVersion":"v2","requestResource":{"@type":"type.googleapis.com/google.cloud.functions.v2.Function","name":"projects/agrisnap-9b487/locations/us-central1/functions/getWeather","buildConfig":{"runtime":"nodejs24","entryPoint":"getWeather","source":{"storageSource":{"bucket":"gcf-v2-sources-534150351488-us-central1","object":"getWeather/function-source.zip","generation":"1776581006688513"}},"environmentVariables":{"GOOGLE_NODE_RUN_SCRIPTS":""},"dockerRepository":"projects/agrisnap-9b487/locations/us-central1/repositories/gcf-artifacts","sourceProvenance":{"resolvedStorageSource":{"bucket":"gcf-v2-sources-534150351488-us-central1","object":"getWeather/function-source.zip","generation":"1776577938913920"}},"dockerRegistry":"ARTIFACT_REGISTRY","serviceAccount":"projects/agrisnap-9b487/serviceAccounts/534150351488-compute@developer.gserviceaccount.com","automaticUpdatePolicy":{}},"serviceConfig":{"service":"projects/agrisnap-9b487/locations/us-central1/services/getweather","timeoutSeconds":60,"environmentVariables":{"FIREBASE_CONFIG":"{\"projectId\":\"agrisnap-9b487\",\"databaseURL\":\"https://agrisnap-9b487-default-rtdb.asia-southeast1.firebasedatabase.app\",\"storageBucket\":\"agrisnap-9b487.firebasestorage.app\"}","GCLOUD_PROJECT":"agrisnap-9b487","EVENTARC_CLOUD_EVENT_SOURCE":"projects/agrisnap-9b487/locations/us-central1/services/getWeather","FUNCTION_TARGET":"getWeather","LOG_EXECUTION_ID":"true"},"ingressSettings":"ALLOW_ALL","uri":"https://getweather-pdetykgfaq-uc.a.run.app","serviceAccountEmail":"534150351488-compute@developer.gserviceaccount.com","availableMemory":"256Mi","allTrafficOnLatestRevision":true,"revision":"getweather-00002-wup","maxInstanceRequestConcurrency":80,"availableCpu":"1"},"state":"ACTIVE","labels":{"deployment-tool":"cloudfunctions","firebase-functions-hash":"c382a49c1b8d6174341c4528117c7c01fc06652c"},"environment":"GEN_2","url":"https://us-central1-agrisnap-9b487.cloudfunctions.net/getWeather","satisfiesPzi":true},"stages":[{"name":"BUILD","message":"Build finished","state":"COMPLETE","resource":"projects/534150351488/locations/us-central1/builds/0a0f7c84-b493-43a6-912a-98ddc07c5b50","resourceUri":"https://console.cloud.google.com/cloud-build/builds;region=us-central1/0a0f7c84-b493-43a6-912a-98ddc07c5b50?project=534150351488"},{"name":"SERVICE","message":"Updating Cloud Run service","state":"IN_PROGRESS","resource":"projects/agrisnap-9b487/locations/us-central1/services/getweather","resourceUri":"https://console.cloud.google.com/run/detail/us-central1/getweather?project=agrisnap-9b487","stateMessages":[{"severity":"INFO","type":"CloudRunServiceNewRevisionTrafficInfo","message":"A new revision will be deployed serving with 100% traffic."}]}],"sourceToken":"Cldwcm9qZWN0cy81MzQxNTAzNTE0ODgvbG9jYXRpb25zL3VzLWNlbnRyYWwxL2J1aWxkcy8wYTBmN2M4NC1iNDkzLTQzYTYtOTEyYS05OGRkYzA3YzViNTASbHVzLWNlbnRyYWwxLWRvY2tlci5wa2cuZGV2L2FncmlzbmFwLTliNDg3L2djZi1hcnRpZmFjdHMvYWdyaXNuYXAtLTliNDg3X191cy0tY2VudHJhbDFfX2dldF93ZWF0aGVyOnZlcnNpb25fMRiAld7uxQ8iQnByb2plY3RzL2FncmlzbmFwLTliNDg3L2xvY2F0aW9ucy91cy1jZW50cmFsMS9mdW5jdGlvbnMvZ2V0V2VhdGhlcioMCLjzkc8GEJDvvdwDMghub2RlanMyNDp2CiNnY3IuaW8vZ2FlLXJ1bnRpbWVzL25vZGVqczI0OnN0YWJsZRJPdXMtY2VudHJhbDEtZG9ja2VyLnBrZy5kZXYvc2VydmVybGVzcy1ydW50aW1lcy9nb29nbGUtMjQtZnVsbC9ydW50aW1lcy9ub2RlanMyNEAB","operationType":"UPDATE_FUNCTION","buildName":"projects/534150351488/locations/us-central1/builds/0a0f7c84-b493-43a6-912a-98ddc07c5b50"},"done":false}
[debug] [2026-04-19T06:44:14.406Z] Got source token Cldwcm9qZWN0cy81MzQxNTAzNTE0ODgvbG9jYXRpb25zL3VzLWNlbnRyYWwxL2J1aWxkcy8wYTBmN2M4NC1iNDkzLTQzYTYtOTEyYS05OGRkYzA3YzViNTASbHVzLWNlbnRyYWwxLWRvY2tlci5wa2cuZGV2L2FncmlzbmFwLTliNDg3L2djZi1hcnRpZmFjdHMvYWdyaXNuYXAtLTliNDg3X191cy0tY2VudHJhbDFfX2dldF93ZWF0aGVyOnZlcnNpb25fMRiAld7uxQ8iQnByb2plY3RzL2FncmlzbmFwLTliNDg3L2xvY2F0aW9ucy91cy1jZW50cmFsMS9mdW5jdGlvbnMvZ2V0V2VhdGhlcioMCLjzkc8GEJDvvdwDMghub2RlanMyNDp2CiNnY3IuaW8vZ2FlLXJ1bnRpbWVzL25vZGVqczI0OnN0YWJsZRJPdXMtY2VudHJhbDEtZG9ja2VyLnBrZy5kZXYvc2VydmVybGVzcy1ydW50aW1lcy9nb29nbGUtMjQtZnVsbC9ydW50aW1lcy9ub2RlanMyNEAB for region us-central1
[debug] [2026-04-19T07:46:04.230Z] ----------------------------------------------------------------------
[debug] [2026-04-19T07:46:04.232Z] Command:       C:\Program Files\nodejs\node.exe C:\Users\hp\AppData\Roaming\npm\node_modules\firebase-tools\lib\bin\firebase.js deploy --only functions
[debug] [2026-04-19T07:46:04.232Z] CLI Version:   15.15.0
[debug] [2026-04-19T07:46:04.232Z] Platform:      win32
[debug] [2026-04-19T07:46:04.232Z] Node Version:  v25.2.1
[debug] [2026-04-19T07:46:04.232Z] Time:          Sun Apr 19 2026 13:16:04 GMT+0530 (India Standard Time)
[debug] [2026-04-19T07:46:04.232Z] ----------------------------------------------------------------------
[debug] 
[debug] [2026-04-19T07:46:05.970Z] > command requires scopes: ["email","openid","https://www.googleapis.com/auth/cloudplatformprojects.readonly","https://www.googleapis.com/auth/firebase","https://www.googleapis.com/auth/cloud-platform"]
[debug] [2026-04-19T07:46:05.970Z] > authorizing via signed-in user (achuthchowdary96@gmail.com)
[debug] [2026-04-19T07:46:05.970Z] [iam] checking project agrisnap-9b487 for permissions ["cloudfunctions.functions.create","cloudfunctions.functions.delete","cloudfunctions.functions.get","cloudfunctions.functions.list","cloudfunctions.functions.update","cloudfunctions.operations.get","firebase.projects.get"]
[debug] [2026-04-19T07:46:05.971Z] Checked if tokens are valid: false, expires at: 1776584579700
[debug] [2026-04-19T07:46:05.971Z] Checked if tokens are valid: false, expires at: 1776584579700
[debug] [2026-04-19T07:46:05.971Z] > refreshing access token with scopes: []
[debug] [2026-04-19T07:46:05.972Z] >>> [apiv2][query] POST https://www.googleapis.com/oauth2/v3/token [none]
[debug] [2026-04-19T07:46:05.972Z] >>> [apiv2][body] POST https://www.googleapis.com/oauth2/v3/token [omitted]
[debug] [2026-04-19T07:46:06.510Z] <<< [apiv2][status] POST https://www.googleapis.com/oauth2/v3/token 200
[debug] [2026-04-19T07:46:06.510Z] <<< [apiv2][body] POST https://www.googleapis.com/oauth2/v3/token [omitted]
[debug] [2026-04-19T07:46:06.515Z] >>> [apiv2][query] POST https://cloudresourcemanager.googleapis.com/v1/projects/agrisnap-9b487:testIamPermissions [none]
[debug] [2026-04-19T07:46:06.515Z] >>> [apiv2][(partial)header] POST https://cloudresourcemanager.googleapis.com/v1/projects/agrisnap-9b487:testIamPermissions  x-goog-user-project=agrisnap-9b487
[debug] [2026-04-19T07:46:06.515Z] >>> [apiv2][body] POST https://cloudresourcemanager.googleapis.com/v1/projects/agrisnap-9b487:testIamPermissions {"permissions":["cloudfunctions.functions.create","cloudfunctions.functions.delete","cloudfunctions.functions.get","cloudfunctions.functions.list","cloudfunctions.functions.update","cloudfunctions.operations.get","firebase.projects.get"]}
[debug] [2026-04-19T07:46:08.565Z] <<< [apiv2][status] POST https://cloudresourcemanager.googleapis.com/v1/projects/agrisnap-9b487:testIamPermissions 200
[debug] [2026-04-19T07:46:08.566Z] <<< [apiv2][body] POST https://cloudresourcemanager.googleapis.com/v1/projects/agrisnap-9b487:testIamPermissions {"permissions":["cloudfunctions.functions.create","cloudfunctions.functions.delete","cloudfunctions.functions.get","cloudfunctions.functions.list","cloudfunctions.functions.update","cloudfunctions.operations.get","firebase.projects.get"]}
[debug] [2026-04-19T07:46:08.566Z] Checked if tokens are valid: true, expires at: 1776588365510
[debug] [2026-04-19T07:46:08.566Z] Checked if tokens are valid: true, expires at: 1776588365510
[debug] [2026-04-19T07:46:08.566Z] >>> [apiv2][query] POST https://iam.googleapis.com/v1/projects/agrisnap-9b487/serviceAccounts/agrisnap-9b487@appspot.gserviceaccount.com:testIamPermissions [none]
[debug] [2026-04-19T07:46:08.566Z] >>> [apiv2][body] POST https://iam.googleapis.com/v1/projects/agrisnap-9b487/serviceAccounts/agrisnap-9b487@appspot.gserviceaccount.com:testIamPermissions {"permissions":["iam.serviceAccounts.actAs"]}
[debug] [2026-04-19T07:46:11.124Z] <<< [apiv2][status] POST https://iam.googleapis.com/v1/projects/agrisnap-9b487/serviceAccounts/agrisnap-9b487@appspot.gserviceaccount.com:testIamPermissions 200
[debug] [2026-04-19T07:46:11.124Z] <<< [apiv2][body] POST https://iam.googleapis.com/v1/projects/agrisnap-9b487/serviceAccounts/agrisnap-9b487@appspot.gserviceaccount.com:testIamPermissions {"permissions":["iam.serviceAccounts.actAs"]}
[info] 
[info] === Deploying to 'agrisnap-9b487'...
[info] 
[info] i  deploying functions 
[debug] [2026-04-19T07:46:11.129Z] Checked if tokens are valid: true, expires at: 1776588365510
[debug] [2026-04-19T07:46:11.129Z] Checked if tokens are valid: true, expires at: 1776588365510
[debug] [2026-04-19T07:46:11.129Z] >>> [apiv2][query] GET https://cloudresourcemanager.googleapis.com/v1/projects/agrisnap-9b487 [none]
[debug] [2026-04-19T07:46:11.932Z] <<< [apiv2][status] GET https://cloudresourcemanager.googleapis.com/v1/projects/agrisnap-9b487 200
[debug] [2026-04-19T07:46:11.932Z] <<< [apiv2][body] GET https://cloudresourcemanager.googleapis.com/v1/projects/agrisnap-9b487 {"projectNumber":"534150351488","projectId":"agrisnap-9b487","lifecycleState":"ACTIVE","name":"AgriSnap","labels":{"firebase":"enabled","firebase-core":"disabled"},"createTime":"2026-02-12T16:40:48.035488Z"}
[info] i  functions: preparing codebase default for deployment 
[info] i  functions: ensuring required API cloudfunctions.googleapis.com is enabled... 
[info] i  functions: ensuring required API cloudbuild.googleapis.com is enabled... 
[info] i  artifactregistry: ensuring required API artifactregistry.googleapis.com is enabled... 
[debug] [2026-04-19T07:46:11.943Z] Checked if tokens are valid: true, expires at: 1776588365510
[debug] [2026-04-19T07:46:11.943Z] Checked if tokens are valid: true, expires at: 1776588365510
[debug] [2026-04-19T07:46:11.943Z] >>> [apiv2][query] GET https://firebase.googleapis.com/v1beta1/projects/agrisnap-9b487/adminSdkConfig [none]
[debug] [2026-04-19T07:46:12.743Z] <<< [apiv2][status] GET https://firebase.googleapis.com/v1beta1/projects/agrisnap-9b487/adminSdkConfig 200
[debug] [2026-04-19T07:46:12.743Z] <<< [apiv2][body] GET https://firebase.googleapis.com/v1beta1/projects/agrisnap-9b487/adminSdkConfig {"projectId":"agrisnap-9b487","databaseURL":"https://agrisnap-9b487-default-rtdb.asia-southeast1.firebasedatabase.app","storageBucket":"agrisnap-9b487.firebasestorage.app"}
[debug] [2026-04-19T07:46:12.745Z] Validating nodejs source
[debug] [2026-04-19T07:46:13.935Z] > [functions] package.json contents: {
  "name": "functions",
  "scripts": {
    "lint": "eslint .",
    "build": "tsc",
    "build:watch": "tsc --watch",
    "serve": "npm run build && firebase emulators:start --only functions",
    "shell": "npm run build && firebase functions:shell",
    "start": "npm run shell",
    "deploy": "firebase deploy --only functions",
    "logs": "firebase functions:log"
  },
  "engines": {
    "node": "24"
  },
  "main": "lib/index.js",
  "dependencies": {
    "firebase-admin": "^13.6.0",
    "firebase-functions": "^7.0.0",
    "node-fetch": "^2.7.0"
  },
  "devDependencies": {
    "@types/node-fetch": "^2.6.13",
    "@typescript-eslint/eslint-plugin": "^5.12.0",
    "@typescript-eslint/parser": "^5.12.0",
    "eslint": "^8.9.0",
    "eslint-config-google": "^0.14.0",
    "eslint-plugin-import": "^2.25.4",
    "firebase-functions-test": "^3.4.1",
    "typescript": "^6.0.0"
  },
  "private": true
}
[debug] [2026-04-19T07:46:13.935Z] Building nodejs source
[info] i  functions: Loading and analyzing source code for codebase default to determine what to deploy 
[debug] [2026-04-19T07:46:13.936Z] Could not find functions.yaml. Must use http discovery
[debug] [2026-04-19T07:46:13.944Z] Found firebase-functions binary at 'C:\Users\hp\reactprojects\agri-snap\functions\node_modules\.bin\firebase-functions'
[info] Serving at port 8667

